<?xml version="1.0" encoding="UTF-8"?>
<!-- Generated by org.testng.reporters.JUnitXMLReporter -->
<testsuite ignored="0" hostname="Abhisheks-MacBook-Air.local" failures="0" tests="3" name="Surefire test" time="11.896" errors="0" timestamp="04 Jan 2026 12:09:23 GMT">
  <testcase classname="com.api.test.BookingAPITest" name="getAllBookingIdTest" time="6.015"/>
  <testcase classname="com.api.test.BookingAPITest" name="getBookingIdTest" time="2.787"/>
  <testcase classname="com.api.test.LoginAPITest" name="loginTest" time="2.159"/>
</testsuite> <!-- Surefire test -->
