<?xml version="1.0" encoding="UTF-8"?>
<testng-results ignored="0" total="1" passed="1" failed="0" skipped="0">
  <reporter-output>
  </reporter-output>
  <suite started-at="2025-12-28T12:48:43Z" name="Surefire suite" finished-at="2025-12-28T12:48:49Z" duration-ms="5480">
    <groups>
    </groups>
    <test started-at="2025-12-28T12:48:43Z" name="Surefire test" finished-at="2025-12-28T12:48:49Z" duration-ms="5480">
      <class name="com.api.test.LoginAPITest">
        <test-method signature="loginTest()[pri:0, instance:com.api.test.LoginAPITest@1d8d30f7]" started-at="2025-12-28T18:18:43Z" name="loginTest" description="Test to login" finished-at="2025-12-28T18:18:49Z" duration-ms="5457" status="PASS">
          <reporter-output>
          </reporter-output>
        </test-method> <!-- loginTest -->
      </class> <!-- com.api.test.LoginAPITest -->
    </test> <!-- Surefire test -->
  </suite> <!-- Surefire suite -->
</testng-results>
