<?xml version="1.0" encoding="UTF-8"?>
<testng-results ignored="0" total="3" passed="3" failed="0" skipped="0">
  <reporter-output>
  </reporter-output>
  <suite started-at="2026-01-04T12:09:11Z" name="Surefire suite" finished-at="2026-01-04T12:09:23Z" duration-ms="11896">
    <groups>
    </groups>
    <test started-at="2026-01-04T12:09:11Z" name="Surefire test" finished-at="2026-01-04T12:09:23Z" duration-ms="11896">
      <class name="com.api.test.LoginAPITest">
        <test-method signature="loginTest()[pri:0, instance:com.api.test.LoginAPITest@60285225]" started-at="2026-01-04T17:39:20Z" name="loginTest" description="Test to login" finished-at="2026-01-04T17:39:23Z" duration-ms="2159" status="PASS">
          <reporter-output>
          </reporter-output>
        </test-method> <!-- loginTest -->
      </class> <!-- com.api.test.LoginAPITest -->
      <class name="com.api.test.BookingAPITest">
        <test-method is-config="true" signature="setup()[pri:0, instance:com.api.test.BookingAPITest@29b5cd00]" started-at="2026-01-04T17:39:11Z" name="setup" finished-at="2026-01-04T17:39:12Z" duration-ms="905" status="PASS">
          <reporter-output>
          </reporter-output>
        </test-method> <!-- setup -->
        <test-method signature="getAllBookingIdTest()[pri:0, instance:com.api.test.BookingAPITest@29b5cd00]" started-at="2026-01-04T17:39:12Z" name="getAllBookingIdTest" description="Get a All booking IDs" finished-at="2026-01-04T17:39:18Z" duration-ms="6015" status="PASS">
          <reporter-output>
          </reporter-output>
        </test-method> <!-- getAllBookingIdTest -->
        <test-method signature="getBookingIdTest()[pri:0, instance:com.api.test.BookingAPITest@29b5cd00]" started-at="2026-01-04T17:39:18Z" name="getBookingIdTest" description="Get a specific booking ID" finished-at="2026-01-04T17:39:20Z" duration-ms="2787" status="PASS">
          <reporter-output>
          </reporter-output>
        </test-method> <!-- getBookingIdTest -->
      </class> <!-- com.api.test.BookingAPITest -->
    </test> <!-- Surefire test -->
  </suite> <!-- Surefire suite -->
</testng-results>
