<?xml version="1.0" encoding="UTF-8"?>
<!-- Generated by org.testng.reporters.JUnitReportReporter -->
<testsuite ignored="0" hostname="Abhisheks-MacBook-Air.local" failures="0" tests="2" name="com.api.test.BookingAPITest" time="8.802" errors="0" timestamp="04 Jan 2026 12:09:23 GMT" skipped="0">
  <testcase classname="com.api.test.BookingAPITest" name="getBookingIdTest" time="2.787"/>
  <testcase classname="com.api.test.BookingAPITest" name="getAllBookingIdTest" time="6.015"/>
</testsuite> <!-- com.api.test.BookingAPITest -->
